c:\users\arseny\documents\visual studio 2013\projects\ratoc\debug\vc120.pdb
c:\users\arseny\documents\visual studio 2013\projects\ratoc\debug\vc120.idb
c:\users\arseny\documents\visual studio 2013\projects\ratoc\debug\asdex_control.obj
c:\users\arseny\documents\visual studio 2013\projects\asdex\debug\vc120.pdb
c:\users\arseny\documents\visual studio 2013\projects\asdex\debug\vc120.idb
c:\users\arseny\documents\visual studio 2013\projects\asdex\debug\asdex_control.obj
c:\users\arseny\documents\visual studio 2013\projects\ratoc\debug\plz164.ilk
c:\users\arseny\documents\visual studio 2013\projects\ratoc\debug\plz164.exe
c:\users\arseny\documents\visual studio 2013\projects\ratoc\debug\asdex_control.pdb
c:\users\arseny\documents\visual studio 2013\projects\asdex\debug\asdex_control.ilk
c:\users\arseny\documents\visual studio 2013\projects\asdex\debug\asdex_control.exe
c:\users\arseny\documents\visual studio 2013\projects\asdex\debug\asdex_control.pdb
c:\users\arseny\documents\visual studio 2013\projects\ratoc\debug\asdex_control.res
c:\users\arseny\documents\visual studio 2013\projects\asdex\debug\asdex_control.res
c:\users\arseny\documents\visual studio 2013\projects\asdex\debug\plz164.ilk
c:\users\arseny\documents\visual studio 2013\projects\asdex\.\debug\asdex_control.exe
c:\users\arseny\documents\visual studio 2013\projects\asdex\debug\asdex_control.tlog\cl.command.1.tlog
c:\users\arseny\documents\visual studio 2013\projects\asdex\debug\asdex_control.tlog\cl.read.1.tlog
c:\users\arseny\documents\visual studio 2013\projects\asdex\debug\asdex_control.tlog\cl.write.1.tlog
c:\users\arseny\documents\visual studio 2013\projects\asdex\debug\asdex_control.tlog\link.command.1.tlog
c:\users\arseny\documents\visual studio 2013\projects\asdex\debug\asdex_control.tlog\link.read.1.tlog
c:\users\arseny\documents\visual studio 2013\projects\asdex\debug\asdex_control.tlog\link.write.1.tlog
c:\users\arseny\documents\visual studio 2013\projects\asdex\debug\asdex_control.tlog\rc.command.1.tlog
c:\users\arseny\documents\visual studio 2013\projects\asdex\debug\asdex_control.tlog\rc.read.1.tlog
c:\users\arseny\documents\visual studio 2013\projects\asdex\debug\asdex_control.tlog\rc.write.1.tlog
